<?xml version="1.0" encoding="UTF-8"?>
<testsuite xmlns:xsi="http://www.w3.org/2001/XMLSchema-instance" xsi:noNamespaceSchemaLocation="https://maven.apache.org/surefire/maven-surefire-plugin/xsd/surefire-test-report-3.0.xsd" version="3.0" name="com.demo.UserTest" time="12.787" tests="3" errors="0" skipped="0" failures="0">
  <properties>
    <property name="java.specification.version" value="21"/>
    <property name="sun.cpu.isalist" value="amd64"/>
    <property name="sun.jnu.encoding" value="Cp1250"/>
    <property name="java.class.path" value="C:\Users\wsosn\Desktop\studia\semestr6\java-projekt\projekt\target\test-classes;C:\Users\wsosn\Desktop\studia\semestr6\java-projekt\projekt\target\classes;C:\Users\wsosn\.m2\repository\junit\junit\3.8.1\junit-3.8.1.jar;C:\Users\wsosn\.m2\repository\jakarta\persistence\jakarta.persistence-api\3.1.0\jakarta.persistence-api-3.1.0.jar;C:\Users\wsosn\.m2\repository\jakarta\platform\jakarta.jakartaee-web-api\10.0.0\jakarta.jakartaee-web-api-10.0.0.jar;C:\Users\wsosn\.m2\repository\jakarta\servlet\jakarta.servlet-api\6.0.0\jakarta.servlet-api-6.0.0.jar;C:\Users\wsosn\.m2\repository\jakarta\servlet\jsp\jakarta.servlet.jsp-api\3.1.0\jakarta.servlet.jsp-api-3.1.0.jar;C:\Users\wsosn\.m2\repository\jakarta\el\jakarta.el-api\5.0.1\jakarta.el-api-5.0.1.jar;C:\Users\wsosn\.m2\repository\jakarta\servlet\jsp\jstl\jakarta.servlet.jsp.jstl-api\3.0.0\jakarta.servlet.jsp.jstl-api-3.0.0.jar;C:\Users\wsosn\.m2\repository\jakarta\faces\jakarta.faces-api\4.0.1\jakarta.faces-api-4.0.1.jar;C:\Users\wsosn\.m2\repository\jakarta\ws\rs\jakarta.ws.rs-api\3.1.0\jakarta.ws.rs-api-3.1.0.jar;C:\Users\wsosn\.m2\repository\jakarta\websocket\jakarta.websocket-api\2.1.0\jakarta.websocket-api-2.1.0.jar;C:\Users\wsosn\.m2\repository\jakarta\websocket\jakarta.websocket-client-api\2.1.0\jakarta.websocket-client-api-2.1.0.jar;C:\Users\wsosn\.m2\repository\jakarta\json\jakarta.json-api\2.1.0\jakarta.json-api-2.1.0.jar;C:\Users\wsosn\.m2\repository\jakarta\annotation\jakarta.annotation-api\2.1.1\jakarta.annotation-api-2.1.1.jar;C:\Users\wsosn\.m2\repository\jakarta\ejb\jakarta.ejb-api\4.0.1\jakarta.ejb-api-4.0.1.jar;C:\Users\wsosn\.m2\repository\jakarta\transaction\jakarta.transaction-api\2.0.1\jakarta.transaction-api-2.0.1.jar;C:\Users\wsosn\.m2\repository\jakarta\validation\jakarta.validation-api\3.0.2\jakarta.validation-api-3.0.2.jar;C:\Users\wsosn\.m2\repository\jakarta\interceptor\jakarta.interceptor-api\2.1.0\jakarta.interceptor-api-2.1.0.jar;C:\Users\wsosn\.m2\repository\jakarta\enterprise\jakarta.enterprise.cdi-api\4.0.1\jakarta.enterprise.cdi-api-4.0.1.jar;C:\Users\wsosn\.m2\repository\jakarta\enterprise\jakarta.enterprise.lang-model\4.0.1\jakarta.enterprise.lang-model-4.0.1.jar;C:\Users\wsosn\.m2\repository\jakarta\inject\jakarta.inject-api\2.0.1\jakarta.inject-api-2.0.1.jar;C:\Users\wsosn\.m2\repository\jakarta\authentication\jakarta.authentication-api\3.0.0\jakarta.authentication-api-3.0.0.jar;C:\Users\wsosn\.m2\repository\jakarta\security\enterprise\jakarta.security.enterprise-api\3.0.0\jakarta.security.enterprise-api-3.0.0.jar;C:\Users\wsosn\.m2\repository\org\hibernate\orm\hibernate-core\6.2.7.Final\hibernate-core-6.2.7.Final.jar;C:\Users\wsosn\.m2\repository\org\jboss\logging\jboss-logging\3.5.0.Final\jboss-logging-3.5.0.Final.jar;C:\Users\wsosn\.m2\repository\org\hibernate\common\hibernate-commons-annotations\6.0.6.Final\hibernate-commons-annotations-6.0.6.Final.jar;C:\Users\wsosn\.m2\repository\io\smallrye\jandex\3.0.5\jandex-3.0.5.jar;C:\Users\wsosn\.m2\repository\com\fasterxml\classmate\1.5.1\classmate-1.5.1.jar;C:\Users\wsosn\.m2\repository\net\bytebuddy\byte-buddy\1.12.18\byte-buddy-1.12.18.jar;C:\Users\wsosn\.m2\repository\jakarta\xml\bind\jakarta.xml.bind-api\4.0.0\jakarta.xml.bind-api-4.0.0.jar;C:\Users\wsosn\.m2\repository\jakarta\activation\jakarta.activation-api\2.1.0\jakarta.activation-api-2.1.0.jar;C:\Users\wsosn\.m2\repository\org\glassfish\jaxb\jaxb-runtime\4.0.2\jaxb-runtime-4.0.2.jar;C:\Users\wsosn\.m2\repository\org\glassfish\jaxb\jaxb-core\4.0.2\jaxb-core-4.0.2.jar;C:\Users\wsosn\.m2\repository\org\eclipse\angus\angus-activation\2.0.0\angus-activation-2.0.0.jar;C:\Users\wsosn\.m2\repository\org\glassfish\jaxb\txw2\4.0.2\txw2-4.0.2.jar;C:\Users\wsosn\.m2\repository\com\sun\istack\istack-commons-runtime\4.1.1\istack-commons-runtime-4.1.1.jar;C:\Users\wsosn\.m2\repository\org\antlr\antlr4-runtime\4.10.1\antlr4-runtime-4.10.1.jar;C:\Users\wsosn\.m2\repository\org\eclipse\yasson\3.0.3\yasson-3.0.3.jar;C:\Users\wsosn\.m2\repository\org\eclipse\parsson\parsson\1.1.0\parsson-1.1.0.jar;C:\Users\wsosn\.m2\repository\jakarta\json\bind\jakarta.json.bind-api\3.0.0\jakarta.json.bind-api-3.0.0.jar;C:\Users\wsosn\.m2\repository\com\h2database\h2\2.2.224\h2-2.2.224.jar;C:\Users\wsosn\.m2\repository\org\jboss\weld\se\weld-se-core\5.1.0.Final\weld-se-core-5.1.0.Final.jar;C:\Users\wsosn\.m2\repository\org\jboss\weld\environment\weld-environment-common\5.1.0.Final\weld-environment-common-5.1.0.Final.jar;C:\Users\wsosn\.m2\repository\org\jboss\weld\weld-core-impl\5.1.0.Final\weld-core-impl-5.1.0.Final.jar;C:\Users\wsosn\.m2\repository\org\jboss\weld\weld-api\5.0.SP3\weld-api-5.0.SP3.jar;C:\Users\wsosn\.m2\repository\org\jboss\weld\weld-spi\5.0.SP3\weld-spi-5.0.SP3.jar;C:\Users\wsosn\.m2\repository\org\jboss\weld\weld-lite-extension-translator\5.1.0.Final\weld-lite-extension-translator-5.1.0.Final.jar;C:\Users\wsosn\.m2\repository\org\jboss\logging\jboss-logging-processor\2.2.1.Final\jboss-logging-processor-2.2.1.Final.jar;C:\Users\wsosn\.m2\repository\org\jboss\logging\jboss-logging-annotations\2.2.1.Final\jboss-logging-annotations-2.2.1.Final.jar;C:\Users\wsosn\.m2\repository\org\jboss\jdeparser\jdeparser\2.0.3.Final\jdeparser-2.0.3.Final.jar;C:\Users\wsosn\.m2\repository\org\jboss\classfilewriter\jboss-classfilewriter\1.2.5.Final\jboss-classfilewriter-1.2.5.Final.jar;C:\Users\wsosn\.m2\repository\org\junit\jupiter\junit-jupiter\5.12.0\junit-jupiter-5.12.0.jar;C:\Users\wsosn\.m2\repository\org\junit\jupiter\junit-jupiter-api\5.12.0\junit-jupiter-api-5.12.0.jar;C:\Users\wsosn\.m2\repository\org\opentest4j\opentest4j\1.3.0\opentest4j-1.3.0.jar;C:\Users\wsosn\.m2\repository\org\junit\platform\junit-platform-commons\1.12.0\junit-platform-commons-1.12.0.jar;C:\Users\wsosn\.m2\repository\org\apiguardian\apiguardian-api\1.1.2\apiguardian-api-1.1.2.jar;C:\Users\wsosn\.m2\repository\org\junit\jupiter\junit-jupiter-params\5.12.0\junit-jupiter-params-5.12.0.jar;C:\Users\wsosn\.m2\repository\org\junit\jupiter\junit-jupiter-engine\5.12.0\junit-jupiter-engine-5.12.0.jar;C:\Users\wsosn\.m2\repository\org\junit\platform\junit-platform-engine\1.12.0\junit-platform-engine-1.12.0.jar;C:\Users\wsosn\.m2\repository\org\mockito\mockito-core\5.16.0\mockito-core-5.16.0.jar;C:\Users\wsosn\.m2\repository\net\bytebuddy\byte-buddy-agent\1.15.11\byte-buddy-agent-1.15.11.jar;C:\Users\wsosn\.m2\repository\org\objenesis\objenesis\3.3\objenesis-3.3.jar;C:\Users\wsosn\.m2\repository\org\mockito\mockito-junit-jupiter\5.16.0\mockito-junit-jupiter-5.16.0.jar;C:\Users\wsosn\.m2\repository\org\apache\logging\log4j\log4j-core\2.20.0\log4j-core-2.20.0.jar;C:\Users\wsosn\.m2\repository\org\apache\logging\log4j\log4j-api\2.20.0\log4j-api-2.20.0.jar;"/>
    <property name="java.vm.vendor" value="Oracle Corporation"/>
    <property name="sun.arch.data.model" value="64"/>
    <property name="user.variant" value=""/>
    <property name="java.vendor.url" value="https://java.oracle.com/"/>
    <property name="user.timezone" value="Europe/Warsaw"/>
    <property name="os.name" value="Windows 11"/>
    <property name="java.vm.specification.version" value="21"/>
    <property name="sun.java.launcher" value="SUN_STANDARD"/>
    <property name="user.country" value="PL"/>
    <property name="sun.boot.library.path" value="C:\Program Files\Java\jdk-21\bin"/>
    <property name="sun.java.command" value="C:\Users\wsosn\AppData\Local\Temp\surefire12233048014322433033\surefirebooter-20250510145350113_3.jar C:\Users\wsosn\AppData\Local\Temp\surefire12233048014322433033 2025-05-10T14-53-49_562-jvmRun1 surefire-20250510145350113_1tmp surefire_0-20250510145350113_2tmp"/>
    <property name="jdk.debug" value="release"/>
    <property name="surefire.test.class.path" value="C:\Users\wsosn\Desktop\studia\semestr6\java-projekt\projekt\target\test-classes;C:\Users\wsosn\Desktop\studia\semestr6\java-projekt\projekt\target\classes;C:\Users\wsosn\.m2\repository\junit\junit\3.8.1\junit-3.8.1.jar;C:\Users\wsosn\.m2\repository\jakarta\persistence\jakarta.persistence-api\3.1.0\jakarta.persistence-api-3.1.0.jar;C:\Users\wsosn\.m2\repository\jakarta\platform\jakarta.jakartaee-web-api\10.0.0\jakarta.jakartaee-web-api-10.0.0.jar;C:\Users\wsosn\.m2\repository\jakarta\servlet\jakarta.servlet-api\6.0.0\jakarta.servlet-api-6.0.0.jar;C:\Users\wsosn\.m2\repository\jakarta\servlet\jsp\jakarta.servlet.jsp-api\3.1.0\jakarta.servlet.jsp-api-3.1.0.jar;C:\Users\wsosn\.m2\repository\jakarta\el\jakarta.el-api\5.0.1\jakarta.el-api-5.0.1.jar;C:\Users\wsosn\.m2\repository\jakarta\servlet\jsp\jstl\jakarta.servlet.jsp.jstl-api\3.0.0\jakarta.servlet.jsp.jstl-api-3.0.0.jar;C:\Users\wsosn\.m2\repository\jakarta\faces\jakarta.faces-api\4.0.1\jakarta.faces-api-4.0.1.jar;C:\Users\wsosn\.m2\repository\jakarta\ws\rs\jakarta.ws.rs-api\3.1.0\jakarta.ws.rs-api-3.1.0.jar;C:\Users\wsosn\.m2\repository\jakarta\websocket\jakarta.websocket-api\2.1.0\jakarta.websocket-api-2.1.0.jar;C:\Users\wsosn\.m2\repository\jakarta\websocket\jakarta.websocket-client-api\2.1.0\jakarta.websocket-client-api-2.1.0.jar;C:\Users\wsosn\.m2\repository\jakarta\json\jakarta.json-api\2.1.0\jakarta.json-api-2.1.0.jar;C:\Users\wsosn\.m2\repository\jakarta\annotation\jakarta.annotation-api\2.1.1\jakarta.annotation-api-2.1.1.jar;C:\Users\wsosn\.m2\repository\jakarta\ejb\jakarta.ejb-api\4.0.1\jakarta.ejb-api-4.0.1.jar;C:\Users\wsosn\.m2\repository\jakarta\transaction\jakarta.transaction-api\2.0.1\jakarta.transaction-api-2.0.1.jar;C:\Users\wsosn\.m2\repository\jakarta\validation\jakarta.validation-api\3.0.2\jakarta.validation-api-3.0.2.jar;C:\Users\wsosn\.m2\repository\jakarta\interceptor\jakarta.interceptor-api\2.1.0\jakarta.interceptor-api-2.1.0.jar;C:\Users\wsosn\.m2\repository\jakarta\enterprise\jakarta.enterprise.cdi-api\4.0.1\jakarta.enterprise.cdi-api-4.0.1.jar;C:\Users\wsosn\.m2\repository\jakarta\enterprise\jakarta.enterprise.lang-model\4.0.1\jakarta.enterprise.lang-model-4.0.1.jar;C:\Users\wsosn\.m2\repository\jakarta\inject\jakarta.inject-api\2.0.1\jakarta.inject-api-2.0.1.jar;C:\Users\wsosn\.m2\repository\jakarta\authentication\jakarta.authentication-api\3.0.0\jakarta.authentication-api-3.0.0.jar;C:\Users\wsosn\.m2\repository\jakarta\security\enterprise\jakarta.security.enterprise-api\3.0.0\jakarta.security.enterprise-api-3.0.0.jar;C:\Users\wsosn\.m2\repository\org\hibernate\orm\hibernate-core\6.2.7.Final\hibernate-core-6.2.7.Final.jar;C:\Users\wsosn\.m2\repository\org\jboss\logging\jboss-logging\3.5.0.Final\jboss-logging-3.5.0.Final.jar;C:\Users\wsosn\.m2\repository\org\hibernate\common\hibernate-commons-annotations\6.0.6.Final\hibernate-commons-annotations-6.0.6.Final.jar;C:\Users\wsosn\.m2\repository\io\smallrye\jandex\3.0.5\jandex-3.0.5.jar;C:\Users\wsosn\.m2\repository\com\fasterxml\classmate\1.5.1\classmate-1.5.1.jar;C:\Users\wsosn\.m2\repository\net\bytebuddy\byte-buddy\1.12.18\byte-buddy-1.12.18.jar;C:\Users\wsosn\.m2\repository\jakarta\xml\bind\jakarta.xml.bind-api\4.0.0\jakarta.xml.bind-api-4.0.0.jar;C:\Users\wsosn\.m2\repository\jakarta\activation\jakarta.activation-api\2.1.0\jakarta.activation-api-2.1.0.jar;C:\Users\wsosn\.m2\repository\org\glassfish\jaxb\jaxb-runtime\4.0.2\jaxb-runtime-4.0.2.jar;C:\Users\wsosn\.m2\repository\org\glassfish\jaxb\jaxb-core\4.0.2\jaxb-core-4.0.2.jar;C:\Users\wsosn\.m2\repository\org\eclipse\angus\angus-activation\2.0.0\angus-activation-2.0.0.jar;C:\Users\wsosn\.m2\repository\org\glassfish\jaxb\txw2\4.0.2\txw2-4.0.2.jar;C:\Users\wsosn\.m2\repository\com\sun\istack\istack-commons-runtime\4.1.1\istack-commons-runtime-4.1.1.jar;C:\Users\wsosn\.m2\repository\org\antlr\antlr4-runtime\4.10.1\antlr4-runtime-4.10.1.jar;C:\Users\wsosn\.m2\repository\org\eclipse\yasson\3.0.3\yasson-3.0.3.jar;C:\Users\wsosn\.m2\repository\org\eclipse\parsson\parsson\1.1.0\parsson-1.1.0.jar;C:\Users\wsosn\.m2\repository\jakarta\json\bind\jakarta.json.bind-api\3.0.0\jakarta.json.bind-api-3.0.0.jar;C:\Users\wsosn\.m2\repository\com\h2database\h2\2.2.224\h2-2.2.224.jar;C:\Users\wsosn\.m2\repository\org\jboss\weld\se\weld-se-core\5.1.0.Final\weld-se-core-5.1.0.Final.jar;C:\Users\wsosn\.m2\repository\org\jboss\weld\environment\weld-environment-common\5.1.0.Final\weld-environment-common-5.1.0.Final.jar;C:\Users\wsosn\.m2\repository\org\jboss\weld\weld-core-impl\5.1.0.Final\weld-core-impl-5.1.0.Final.jar;C:\Users\wsosn\.m2\repository\org\jboss\weld\weld-api\5.0.SP3\weld-api-5.0.SP3.jar;C:\Users\wsosn\.m2\repository\org\jboss\weld\weld-spi\5.0.SP3\weld-spi-5.0.SP3.jar;C:\Users\wsosn\.m2\repository\org\jboss\weld\weld-lite-extension-translator\5.1.0.Final\weld-lite-extension-translator-5.1.0.Final.jar;C:\Users\wsosn\.m2\repository\org\jboss\logging\jboss-logging-processor\2.2.1.Final\jboss-logging-processor-2.2.1.Final.jar;C:\Users\wsosn\.m2\repository\org\jboss\logging\jboss-logging-annotations\2.2.1.Final\jboss-logging-annotations-2.2.1.Final.jar;C:\Users\wsosn\.m2\repository\org\jboss\jdeparser\jdeparser\2.0.3.Final\jdeparser-2.0.3.Final.jar;C:\Users\wsosn\.m2\repository\org\jboss\classfilewriter\jboss-classfilewriter\1.2.5.Final\jboss-classfilewriter-1.2.5.Final.jar;C:\Users\wsosn\.m2\repository\org\junit\jupiter\junit-jupiter\5.12.0\junit-jupiter-5.12.0.jar;C:\Users\wsosn\.m2\repository\org\junit\jupiter\junit-jupiter-api\5.12.0\junit-jupiter-api-5.12.0.jar;C:\Users\wsosn\.m2\repository\org\opentest4j\opentest4j\1.3.0\opentest4j-1.3.0.jar;C:\Users\wsosn\.m2\repository\org\junit\platform\junit-platform-commons\1.12.0\junit-platform-commons-1.12.0.jar;C:\Users\wsosn\.m2\repository\org\apiguardian\apiguardian-api\1.1.2\apiguardian-api-1.1.2.jar;C:\Users\wsosn\.m2\repository\org\junit\jupiter\junit-jupiter-params\5.12.0\junit-jupiter-params-5.12.0.jar;C:\Users\wsosn\.m2\repository\org\junit\jupiter\junit-jupiter-engine\5.12.0\junit-jupiter-engine-5.12.0.jar;C:\Users\wsosn\.m2\repository\org\junit\platform\junit-platform-engine\1.12.0\junit-platform-engine-1.12.0.jar;C:\Users\wsosn\.m2\repository\org\mockito\mockito-core\5.16.0\mockito-core-5.16.0.jar;C:\Users\wsosn\.m2\repository\net\bytebuddy\byte-buddy-agent\1.15.11\byte-buddy-agent-1.15.11.jar;C:\Users\wsosn\.m2\repository\org\objenesis\objenesis\3.3\objenesis-3.3.jar;C:\Users\wsosn\.m2\repository\org\mockito\mockito-junit-jupiter\5.16.0\mockito-junit-jupiter-5.16.0.jar;C:\Users\wsosn\.m2\repository\org\apache\logging\log4j\log4j-core\2.20.0\log4j-core-2.20.0.jar;C:\Users\wsosn\.m2\repository\org\apache\logging\log4j\log4j-api\2.20.0\log4j-api-2.20.0.jar;"/>
    <property name="sun.cpu.endian" value="little"/>
    <property name="user.home" value="C:\Users\wsosn"/>
    <property name="user.language" value="pl"/>
    <property name="java.specification.vendor" value="Oracle Corporation"/>
    <property name="java.version.date" value="2025-01-21"/>
    <property name="java.home" value="C:\Program Files\Java\jdk-21"/>
    <property name="file.separator" value="\"/>
    <property name="basedir" value="C:\Users\wsosn\Desktop\studia\semestr6\java-projekt\projekt"/>
    <property name="java.vm.compressedOopsMode" value="32-bit"/>
    <property name="line.separator" value="&#10;"/>
    <property name="java.vm.specification.vendor" value="Oracle Corporation"/>
    <property name="java.specification.name" value="Java Platform API Specification"/>
    <property name="surefire.real.class.path" value="C:\Users\wsosn\AppData\Local\Temp\surefire12233048014322433033\surefirebooter-20250510145350113_3.jar"/>
    <property name="user.script" value=""/>
    <property name="sun.management.compiler" value="HotSpot 64-Bit Tiered Compilers"/>
    <property name="java.runtime.version" value="21.0.6+8-LTS-188"/>
    <property name="user.name" value="wsosn"/>
    <property name="stdout.encoding" value="Cp1250"/>
    <property name="path.separator" value=";"/>
    <property name="os.version" value="10.0"/>
    <property name="java.runtime.name" value="Java(TM) SE Runtime Environment"/>
    <property name="file.encoding" value="UTF-8"/>
    <property name="java.vm.name" value="Java HotSpot(TM) 64-Bit Server VM"/>
    <property name="localRepository" value="C:\Users\wsosn\.m2\repository"/>
    <property name="java.vendor.url.bug" value="https://bugreport.java.com/bugreport/"/>
    <property name="java.io.tmpdir" value="C:\Users\wsosn\AppData\Local\Temp\"/>
    <property name="java.version" value="21.0.6"/>
    <property name="user.dir" value="C:\Users\wsosn\Desktop\studia\semestr6\java-projekt\projekt"/>
    <property name="os.arch" value="amd64"/>
    <property name="java.vm.specification.name" value="Java Virtual Machine Specification"/>
    <property name="sun.os.patch.level" value=""/>
    <property name="native.encoding" value="Cp1250"/>
    <property name="java.library.path" value="C:\Program Files\Java\jdk-21\bin;C:\WINDOWS\Sun\Java\bin;C:\WINDOWS\system32;C:\WINDOWS;C:\Program Files\Java\jdk-21\bin;C:\Program Files (x86)\Common Files\Oracle\Java\java8path;C:\Program Files (x86)\Common Files\Oracle\Java\javapath;C:\WINDOWS\system32;C:\WINDOWS;C:\WINDOWS\System32\Wbem;C:\WINDOWS\System32\WindowsPowerShell\v1.0\;C:\WINDOWS\System32\OpenSSH\;C:\Program Files\dotnet\;C:\MinGW\bin;C:\Program Files\nodejs\;C:\Program Files\Git\cmd;C:\Program Files\Microsoft SQL Server\150\Tools\Binn\;C:\Program Files\Microsoft SQL Server\Client SDK\ODBC\170\Tools\Binn\;C:\Program Files\Apache\apache-maven-3.9.9\bin;C:\Users\wsosn\AppData\Local\Programs\Python\Launcher\;C:\Users\wsosn\AppData\Local\Microsoft\WindowsApps;C:\MinGW\bin;C:\Users\wsosn\.dotnet\tools;C:\Users\wsosn\AppData\Local\Programs\Microsoft VS Code\bin;C:\Users\wsosn\AppData\Roaming\npm;;."/>
    <property name="java.vm.info" value="mixed mode, sharing"/>
    <property name="stderr.encoding" value="Cp1250"/>
    <property name="java.vendor" value="Oracle Corporation"/>
    <property name="java.vm.version" value="21.0.6+8-LTS-188"/>
    <property name="sun.io.unicode.encoding" value="UnicodeLittle"/>
    <property name="java.class.version" value="65.0"/>
  </properties>
  <testcase name="test_findByRole_Admin" classname="com.demo.UserTest" time="2.94">
    <system-out><![CDATA[Hibernate: drop table if exists users cascade 
Hibernate: create table users (id bigint generated by default as identity, name varchar(50) not null, surname varchar(50) not null, username varchar(50) not null unique, email varchar(100) not null, password varchar(100) not null, role varchar(255) not null check (role in ('ADMIN','USER','MODERATOR')), primary key (id))
Hibernate: insert into users (email,name,password,role,surname,username,id) values (?,?,?,?,?,?,default)
Hibernate: select u1_0.id,u1_0.email,u1_0.name,u1_0.password,u1_0.role,u1_0.surname,u1_0.username from users u1_0 where u1_0.role=?
]]></system-out>
  </testcase>
  <testcase name="test_delete_user" classname="com.demo.UserTest" time="0.062">
    <system-out><![CDATA[Hibernate: insert into users (email,name,password,role,surname,username,id) values (?,?,?,?,?,?,default)
]]></system-out>
  </testcase>
  <testcase name="test_create_user" classname="com.demo.UserTest" time="0.047">
    <system-out><![CDATA[Hibernate: insert into users (email,name,password,role,surname,username,id) values (?,?,?,?,?,?,default)
Hibernate: select u1_0.id,u1_0.email,u1_0.name,u1_0.password,u1_0.role,u1_0.surname,u1_0.username from users u1_0 where u1_0.username=?
]]></system-out>
  </testcase>
</testsuite>